  UGKALEAASM.CPP
D:\Ramon\Docencia\Asignaturas\MOV MIARFID\Práctica\UGK\FPA\include\UGKFP0.h(41,12): warning C4244: '=': conversión de 'double' a 'long'; posible pérdida de datos
D:\Ramon\Docencia\Asignaturas\MOV MIARFID\Práctica\UGK\FPA\include\UGKFP0.h(56,46): warning C4244: '=': conversión de 'double' a 'long'; posible pérdida de datos
D:\Ramon\Docencia\Asignaturas\MOV MIARFID\Práctica\UGK\FPA\include\UGKFP0.h(57,46): warning C4244: '=': conversión de 'double' a 'long'; posible pérdida de datos
D:\Ramon\Docencia\Asignaturas\MOV MIARFID\Práctica\UGK\FPA\include\UGKFP1.h(93,21): warning C4309: '=': truncamiento de valor constante
D:\Ramon\Docencia\Asignaturas\MOV MIARFID\Práctica\UGK\FPA\include\UGKFP2.h(38,91): warning C4244: '=': conversión de 'double' a 'long'; posible pérdida de datos
D:\Ramon\Docencia\Asignaturas\MOV MIARFID\Práctica\UGK\FPA\src\UGKALEAASM.CPP(22,9): warning C4081: se esperaba 'identificador'; se encontró 'inline'
  UGKALEACF0.CPP
D:\Ramon\Docencia\Asignaturas\MOV MIARFID\Práctica\UGK\FPA\include\UGKFP0.h(41,12): warning C4244: '=': conversión de 'double' a 'long'; posible pérdida de datos
D:\Ramon\Docencia\Asignaturas\MOV MIARFID\Práctica\UGK\FPA\include\UGKFP0.h(56,46): warning C4244: '=': conversión de 'double' a 'long'; posible pérdida de datos
D:\Ramon\Docencia\Asignaturas\MOV MIARFID\Práctica\UGK\FPA\include\UGKFP0.h(57,46): warning C4244: '=': conversión de 'double' a 'long'; posible pérdida de datos
D:\Ramon\Docencia\Asignaturas\MOV MIARFID\Práctica\UGK\FPA\include\UGKFP1.h(93,21): warning C4309: '=': truncamiento de valor constante
D:\Ramon\Docencia\Asignaturas\MOV MIARFID\Práctica\UGK\FPA\src\UGKALEACF0.CPP(50,22): warning C4244: '=': conversión de 'double' a 'long'; posible pérdida de datos
D:\Ramon\Docencia\Asignaturas\MOV MIARFID\Práctica\UGK\FPA\src\UGKALEACF0.CPP(161,14): warning C4244: '=': conversión de 'double' a 'int'; posible pérdida de datos
  UGKExpasm.cpp
  UGKEXPTEST.CPP
D:\Ramon\Docencia\Asignaturas\MOV MIARFID\Práctica\UGK\FPA\include\UGKFP0.h(41,12): warning C4244: '=': conversión de 'double' a 'long'; posible pérdida de datos
D:\Ramon\Docencia\Asignaturas\MOV MIARFID\Práctica\UGK\FPA\include\UGKFP0.h(56,46): warning C4244: '=': conversión de 'double' a 'long'; posible pérdida de datos
D:\Ramon\Docencia\Asignaturas\MOV MIARFID\Práctica\UGK\FPA\include\UGKFP0.h(57,46): warning C4244: '=': conversión de 'double' a 'long'; posible pérdida de datos
D:\Ramon\Docencia\Asignaturas\MOV MIARFID\Práctica\UGK\FPA\include\UGKFP1.h(93,21): warning C4309: '=': truncamiento de valor constante
D:\Ramon\Docencia\Asignaturas\MOV MIARFID\Práctica\UGK\FPA\src\UGKEXPTEST.CPP(21,1): warning C4005: '_CRT_SECURE_CPP_OVERLOAD_STANDARD_NAMES': redefinición de macro
C:\Program Files (x86)\Windows Kits\10\Include\10.0.18362.0\ucrt\corecrt.h(454): message : vea la definición anterior de '_CRT_SECURE_CPP_OVERLOAD_STANDARD_NAMES'
  UGKFP.cpp
  UGKFP0.cpp
D:\Ramon\Docencia\Asignaturas\MOV MIARFID\Práctica\UGK\FPA\include\UGKFP0.h(41,12): warning C4244: '=': conversión de 'double' a 'long'; posible pérdida de datos
D:\Ramon\Docencia\Asignaturas\MOV MIARFID\Práctica\UGK\FPA\include\UGKFP0.h(56,46): warning C4244: '=': conversión de 'double' a 'long'; posible pérdida de datos
D:\Ramon\Docencia\Asignaturas\MOV MIARFID\Práctica\UGK\FPA\include\UGKFP0.h(57,46): warning C4244: '=': conversión de 'double' a 'long'; posible pérdida de datos
D:\Ramon\Docencia\Asignaturas\MOV MIARFID\Práctica\UGK\FPA\src\UGKFP0.cpp(22,1): warning C4005: 'SIGN32b': redefinición de macro
D:\Ramon\Docencia\Asignaturas\MOV MIARFID\Práctica\UGK\FPA\include\UGKFP.h(71): message : vea la definición anterior de 'SIGN32b'
  UGKFP0ASMNO.CPP
D:\Ramon\Docencia\Asignaturas\MOV MIARFID\Práctica\UGK\FPA\src\UGKFP0ASMNO.CPP(22,9): warning C4081: se esperaba 'identificador'; se encontró 'inline'
D:\Ramon\Docencia\Asignaturas\MOV MIARFID\Práctica\UGK\FPA\include\UGKFP0.h(41,12): warning C4244: '=': conversión de 'double' a 'long'; posible pérdida de datos
D:\Ramon\Docencia\Asignaturas\MOV MIARFID\Práctica\UGK\FPA\include\UGKFP0.h(56,46): warning C4244: '=': conversión de 'double' a 'long'; posible pérdida de datos
D:\Ramon\Docencia\Asignaturas\MOV MIARFID\Práctica\UGK\FPA\include\UGKFP0.h(57,46): warning C4244: '=': conversión de 'double' a 'long'; posible pérdida de datos
D:\Ramon\Docencia\Asignaturas\MOV MIARFID\Práctica\UGK\FPA\src\UGKFP0ASMNO.CPP(25,1): warning C4005: 'SIGN32b': redefinición de macro
D:\Ramon\Docencia\Asignaturas\MOV MIARFID\Práctica\UGK\FPA\include\UGKFP.h(71): message : vea la definición anterior de 'SIGN32b'
  UGKFP1.cpp
D:\Ramon\Docencia\Asignaturas\MOV MIARFID\Práctica\UGK\FPA\include\UGKFP0.h(41,12): warning C4244: '=': conversión de 'double' a 'long'; posible pérdida de datos
D:\Ramon\Docencia\Asignaturas\MOV MIARFID\Práctica\UGK\FPA\include\UGKFP0.h(56,46): warning C4244: '=': conversión de 'double' a 'long'; posible pérdida de datos
D:\Ramon\Docencia\Asignaturas\MOV MIARFID\Práctica\UGK\FPA\include\UGKFP0.h(57,46): warning C4244: '=': conversión de 'double' a 'long'; posible pérdida de datos
D:\Ramon\Docencia\Asignaturas\MOV MIARFID\Práctica\UGK\FPA\include\UGKFP1.h(93,21): warning C4309: '=': truncamiento de valor constante
D:\Ramon\Docencia\Asignaturas\MOV MIARFID\Práctica\UGK\FPA\src\UGKFP1.cpp(82,21): warning C4244: '=': conversión de 'double' a 'long'; posible pérdida de datos
D:\Ramon\Docencia\Asignaturas\MOV MIARFID\Práctica\UGK\FPA\src\UGKFP1.cpp(108,21): warning C4244: '=': conversión de 'double' a 'long'; posible pérdida de datos
D:\Ramon\Docencia\Asignaturas\MOV MIARFID\Práctica\UGK\FPA\src\UGKFP1.cpp(137,38): warning C4244: '=': conversión de 'double' a 'long'; posible pérdida de datos
D:\Ramon\Docencia\Asignaturas\MOV MIARFID\Práctica\UGK\FPA\src\UGKFP1.cpp(140,38): warning C4244: '=': conversión de 'double' a 'long'; posible pérdida de datos
D:\Ramon\Docencia\Asignaturas\MOV MIARFID\Práctica\UGK\FPA\src\UGKFP1.cpp(143,38): warning C4244: '=': conversión de 'double' a 'long'; posible pérdida de datos
D:\Ramon\Docencia\Asignaturas\MOV MIARFID\Práctica\UGK\FPA\src\UGKFP1.cpp(148,24): warning C4244: '=': conversión de 'double' a 'long'; posible pérdida de datos
D:\Ramon\Docencia\Asignaturas\MOV MIARFID\Práctica\UGK\FPA\src\UGKFP1.cpp(774,16): warning C4244: '=': conversión de 'double' a 'long'; posible pérdida de datos
  UGKFP1PROD.CPP
D:\Ramon\Docencia\Asignaturas\MOV MIARFID\Práctica\UGK\FPA\include\UGKFP0.h(41,12): warning C4244: '=': conversión de 'double' a 'long'; posible pérdida de datos
D:\Ramon\Docencia\Asignaturas\MOV MIARFID\Práctica\UGK\FPA\include\UGKFP0.h(56,46): warning C4244: '=': conversión de 'double' a 'long'; posible pérdida de datos
D:\Ramon\Docencia\Asignaturas\MOV MIARFID\Práctica\UGK\FPA\include\UGKFP0.h(57,46): warning C4244: '=': conversión de 'double' a 'long'; posible pérdida de datos
D:\Ramon\Docencia\Asignaturas\MOV MIARFID\Práctica\UGK\FPA\include\UGKFP1.h(93,21): warning C4309: '=': truncamiento de valor constante
D:\Ramon\Docencia\Asignaturas\MOV MIARFID\Práctica\UGK\FPA\src\UGKFP1PROD.CPP(13,1): warning C4005: '_CRT_SECURE_NO_WARNINGS': redefinición de macro
D:\Ramon\Docencia\Asignaturas\MOV MIARFID\Práctica\UGK\FPA\src\UGKFP1PROD.CPP : message : vea la definición anterior de '_CRT_SECURE_NO_WARNINGS'
  UGKFP2.cpp
D:\Ramon\Docencia\Asignaturas\MOV MIARFID\Práctica\UGK\FPA\include\UGKFP0.h(41,12): warning C4244: '=': conversión de 'double' a 'long'; posible pérdida de datos
D:\Ramon\Docencia\Asignaturas\MOV MIARFID\Práctica\UGK\FPA\include\UGKFP0.h(56,46): warning C4244: '=': conversión de 'double' a 'long'; posible pérdida de datos
D:\Ramon\Docencia\Asignaturas\MOV MIARFID\Práctica\UGK\FPA\include\UGKFP0.h(57,46): warning C4244: '=': conversión de 'double' a 'long'; posible pérdida de datos
D:\Ramon\Docencia\Asignaturas\MOV MIARFID\Práctica\UGK\FPA\include\UGKFP1.h(93,21): warning C4309: '=': truncamiento de valor constante
D:\Ramon\Docencia\Asignaturas\MOV MIARFID\Práctica\UGK\FPA\include\UGKFP2.h(38,91): warning C4244: '=': conversión de 'double' a 'long'; posible pérdida de datos
  UGKFP3.cpp
D:\Ramon\Docencia\Asignaturas\MOV MIARFID\Práctica\UGK\FPA\include\UGKFP0.h(41,12): warning C4244: '=': conversión de 'double' a 'long'; posible pérdida de datos
D:\Ramon\Docencia\Asignaturas\MOV MIARFID\Práctica\UGK\FPA\include\UGKFP0.h(56,46): warning C4244: '=': conversión de 'double' a 'long'; posible pérdida de datos
D:\Ramon\Docencia\Asignaturas\MOV MIARFID\Práctica\UGK\FPA\include\UGKFP0.h(57,46): warning C4244: '=': conversión de 'double' a 'long'; posible pérdida de datos
D:\Ramon\Docencia\Asignaturas\MOV MIARFID\Práctica\UGK\FPA\include\UGKFP1.h(93,21): warning C4309: '=': truncamiento de valor constante
D:\Ramon\Docencia\Asignaturas\MOV MIARFID\Práctica\UGK\FPA\include\UGKFP2.h(38,91): warning C4244: '=': conversión de 'double' a 'long'; posible pérdida de datos
D:\Ramon\Docencia\Asignaturas\MOV MIARFID\Práctica\UGK\FPA\src\UGKFP3.cpp(233,91): warning C4244: '=': conversión de 'double' a 'long'; posible pérdida de datos
D:\Ramon\Docencia\Asignaturas\MOV MIARFID\Práctica\UGK\FPA\src\UGKFP3.cpp(245,100): warning C4293: '>>': recuento de desplazamientos negativo o demasiado grande; comportamiento impredecible
D:\Ramon\Docencia\Asignaturas\MOV MIARFID\Práctica\UGK\FPA\src\UGKFP3.cpp(284,1): warning C4005: 'BIT16': redefinición de macro
D:\Ramon\Docencia\Asignaturas\MOV MIARFID\Práctica\UGK\FPA\include\UGKFP.h(93): message : vea la definición anterior de 'BIT16'
  UGKFPArithmetic.cpp
D:\Ramon\Docencia\Asignaturas\MOV MIARFID\Práctica\UGK\FPA\include\UGKFP0.h(41,12): warning C4244: '=': conversión de 'double' a 'long'; posible pérdida de datos
D:\Ramon\Docencia\Asignaturas\MOV MIARFID\Práctica\UGK\FPA\include\UGKFP0.h(56,46): warning C4244: '=': conversión de 'double' a 'long'; posible pérdida de datos
D:\Ramon\Docencia\Asignaturas\MOV MIARFID\Práctica\UGK\FPA\include\UGKFP0.h(57,46): warning C4244: '=': conversión de 'double' a 'long'; posible pérdida de datos
D:\Ramon\Docencia\Asignaturas\MOV MIARFID\Práctica\UGK\FPA\src\UGKFPArithmetic.cpp(61,24): warning C4244: '=': conversión de 'double' a 'long'; posible pérdida de datos
  UGKLNASM.CPP
  UGKUtilities.cpp
  Generando código...
  FPA.vcxproj -> D:\Ramon\Docencia\Asignaturas\MOV MIARFID\Práctica\UGK\Debug\UGKFPAd.lib
