d:\ramon\docencia\asignaturas\mov miarfid\práctica\ugk\fpa\debug\ugkfpa.pdb
d:\ramon\docencia\asignaturas\mov miarfid\práctica\ugk\fpa\debug\ugkfpa.idb
d:\ramon\docencia\asignaturas\mov miarfid\práctica\ugk\fpa\debug\ugkutilities.obj
d:\ramon\docencia\asignaturas\mov miarfid\práctica\ugk\fpa\debug\ugklnasm.obj
d:\ramon\docencia\asignaturas\mov miarfid\práctica\ugk\fpa\debug\ugkfparithmetic.obj
d:\ramon\docencia\asignaturas\mov miarfid\práctica\ugk\fpa\debug\ugkfp3.obj
d:\ramon\docencia\asignaturas\mov miarfid\práctica\ugk\fpa\debug\ugkfp2.obj
d:\ramon\docencia\asignaturas\mov miarfid\práctica\ugk\fpa\debug\ugkfp1prod.obj
d:\ramon\docencia\asignaturas\mov miarfid\práctica\ugk\fpa\debug\ugkfp1.obj
d:\ramon\docencia\asignaturas\mov miarfid\práctica\ugk\fpa\debug\ugkfp0asmno.obj
d:\ramon\docencia\asignaturas\mov miarfid\práctica\ugk\fpa\debug\ugkfp0.obj
d:\ramon\docencia\asignaturas\mov miarfid\práctica\ugk\fpa\debug\ugkfp.obj
d:\ramon\docencia\asignaturas\mov miarfid\práctica\ugk\fpa\debug\ugkexptest.obj
d:\ramon\docencia\asignaturas\mov miarfid\práctica\ugk\fpa\debug\ugkexpasm.obj
d:\ramon\docencia\asignaturas\mov miarfid\práctica\ugk\fpa\debug\ugkaleacf0.obj
d:\ramon\docencia\asignaturas\mov miarfid\práctica\ugk\fpa\debug\ugkaleaasm.obj
d:\ramon\docencia\asignaturas\mov miarfid\práctica\ugk\debug\ugkfpad.lib
d:\ramon\docencia\asignaturas\mov miarfid\práctica\ugk\fpa\debug\ugkfpa.tlog\cl.command.1.tlog
d:\ramon\docencia\asignaturas\mov miarfid\práctica\ugk\fpa\debug\ugkfpa.tlog\cl.read.1.tlog
d:\ramon\docencia\asignaturas\mov miarfid\práctica\ugk\fpa\debug\ugkfpa.tlog\cl.write.1.tlog
d:\ramon\docencia\asignaturas\mov miarfid\práctica\ugk\fpa\debug\ugkfpa.tlog\lib-link.read.1.tlog
d:\ramon\docencia\asignaturas\mov miarfid\práctica\ugk\fpa\debug\ugkfpa.tlog\lib-link.write.1.tlog
d:\ramon\docencia\asignaturas\mov miarfid\práctica\ugk\fpa\debug\ugkfpa.tlog\lib.command.1.tlog
